
> Task :dependencies

------------------------------------------------------------
Root project 'with_direct_dep'
------------------------------------------------------------

testRuntimeClasspath - Runtime classpath of source set 'test'.
+--- org.hibernate:hibernate-core:5.4.32.Final
|    +--- org.jboss.logging:jboss-logging:3.4.1.Final
|    +--- javax.persistence:javax.persistence-api:2.2
|    +--- org.javassist:javassist:3.27.0-GA
|    +--- net.bytebuddy:byte-buddy:1.10.22
|    +--- antlr:antlr:2.7.7
|    +--- org.jboss.spec.javax.transaction:jboss-transaction-api_1.2_spec:1.1.1.Final
|    +--- org.jboss:jandex:2.2.3.Final
|    +--- com.fasterxml:classmate:1.5.1
|    +--- javax.activation:javax.activation-api:1.2.0
|    +--- org.dom4j:dom4j:2.1.3
|    |    +--- jaxen:jaxen:1.1.6
|    |    +--- javax.xml.stream:stax-api:1.0-2
|    |    +--- net.java.dev.msv:xsdlib:2013.6.1
|    |    |    \--- relaxngDatatype:relaxngDatatype:20020414
|    |    +--- javax.xml.bind:jaxb-api:2.2.12 -> 2.3.1
|    |    |    \--- javax.activation:javax.activation-api:1.2.0
|    |    +--- pull-parser:pull-parser:2
|    |    \--- xpp3:xpp3:1.1.4c
|    +--- org.hibernate.common:hibernate-commons-annotations:5.1.2.Final
|    |    \--- org.jboss.logging:jboss-logging:3.3.2.Final -> 3.4.1.Final
|    +--- javax.xml.bind:jaxb-api:2.3.1 (*)
|    \--- org.glassfish.jaxb:jaxb-runtime:2.3.1
|         +--- javax.xml.bind:jaxb-api:2.3.1 (*)
|         +--- org.glassfish.jaxb:txw2:2.3.1
|         +--- com.sun.istack:istack-commons-runtime:3.0.7
|         +--- org.jvnet.staxex:stax-ex:1.8
|         +--- com.sun.xml.fastinfoset:FastInfoset:1.2.15
|         \--- javax.activation:javax.activation-api:1.2.0
\--- org.dom4j:dom4j:2.1.3 (*)

(*) - dependencies omitted (listed previously)

A web-based, searchable dependency report is available by adding the --scan option.

BUILD SUCCESSFUL in 872ms
1 actionable task: 1 executed
